clean-architecture-android-materials/final/app/build/intermediates/manifest_merge_blame_file/debug/manifest-merger-blame-debug-report.txt
1<?xml version="1.0" encoding="utf-8"?>
2<manifest xmlns:android="http://schemas.android.com/apk/res/android"
3    package="com.raywenderlich.android.majesticreader"
4    android:versionCode="1"
5    android:versionName="1.0" >
6
7    <uses-sdk
8        android:minSdkVersion="21"
9        android:targetSdkVersion="28" />
10
11    <application
11-->src\main\AndroidManifest.xml:4:3-26:17
12        android:name="com.raywenderlich.android.majesticreader.framework.MajesticReaderApplication"
12-->src\main\AndroidManifest.xml:8:7-58
13        android:allowBackup="false"
13-->src\main\AndroidManifest.xml:5:7-34
14        android:appComponentFactory="androidx.core.app.CoreComponentFactory"
14-->[androidx.core:core:1.1.0-rc01] AndroidManifest.xml:24:18-86
15        android:debuggable="true"
16        android:extractNativeLibs="true"
17        android:icon="@mipmap/ic_launcher"
17-->src\main\AndroidManifest.xml:6:7-41
18        android:label="@string/app_name"
18-->src\main\AndroidManifest.xml:7:7-39
19        android:roundIcon="@mipmap/ic_launcher_round"
19-->src\main\AndroidManifest.xml:9:7-52
20        android:supportsRtl="true"
20-->src\main\AndroidManifest.xml:10:7-33
21        android:theme="@style/AppTheme" >
21-->src\main\AndroidManifest.xml:11:7-38
22        <activity
22-->src\main\AndroidManifest.xml:12:5-16:16
23            android:name="com.raywenderlich.android.majesticreader.presentation.MainActivity"
23-->src\main\AndroidManifest.xml:13:9-50
24            android:label="@string/title_activity_main"
24-->src\main\AndroidManifest.xml:14:9-52
25            android:theme="@style/AppTheme.NoActionBar" >
25-->src\main\AndroidManifest.xml:15:9-52
26        </activity>
27
28        <!-- Splash Activity -->
29        <activity android:name="com.raywenderlich.android.majesticreader.presentation.SplashActivity" >
29-->src\main\AndroidManifest.xml:19:5-25:16
29-->src\main\AndroidManifest.xml:19:15-58
30            <intent-filter>
30-->src\main\AndroidManifest.xml:20:7-24:23
31                <action android:name="android.intent.action.MAIN" />
31-->src\main\AndroidManifest.xml:21:9-60
31-->src\main\AndroidManifest.xml:21:17-58
32
33                <category android:name="android.intent.category.LAUNCHER" />
33-->src\main\AndroidManifest.xml:23:9-68
33-->src\main\AndroidManifest.xml:23:19-66
34            </intent-filter>
35        </activity>
36
37        <service
37-->[androidx.room:room-runtime:2.1.0] AndroidManifest.xml:25:9-27:40
38            android:name="androidx.room.MultiInstanceInvalidationService"
38-->[androidx.room:room-runtime:2.1.0] AndroidManifest.xml:26:13-74
39            android:exported="false" />
39-->[androidx.room:room-runtime:2.1.0] AndroidManifest.xml:27:13-37
40
41        <provider
41-->[androidx.lifecycle:lifecycle-process:2.0.0] AndroidManifest.xml:23:9-27:43
42            android:name="androidx.lifecycle.ProcessLifecycleOwnerInitializer"
42-->[androidx.lifecycle:lifecycle-process:2.0.0] AndroidManifest.xml:24:13-79
43            android:authorities="com.raywenderlich.android.majesticreader.lifecycle-process"
43-->[androidx.lifecycle:lifecycle-process:2.0.0] AndroidManifest.xml:25:13-69
44            android:exported="false"
44-->[androidx.lifecycle:lifecycle-process:2.0.0] AndroidManifest.xml:26:13-37
45            android:multiprocess="true" />
45-->[androidx.lifecycle:lifecycle-process:2.0.0] AndroidManifest.xml:27:13-40
46    </application>
47
48</manifest>